<?xml version="1.0" encoding="UTF-8"?>
<!-- Generated by org.testng.reporters.JUnitReportReporter -->
<testsuite hostname="DESKTOP-O72JEOS" failures="0" tests="4" name="com.runner.InvocationCount" time="228.128" errors="0" timestamp="2024-10-17T23:42:46 IST" skipped="0">
  <testcase classname="com.runner.InvocationCount" name="launchBrowser" time="48.016"/>
  <system-out/>
  <testcase classname="com.runner.InvocationCount" name="launchBrowser" time="71.624"/>
  <system-out/>
  <testcase classname="com.runner.InvocationCount" name="launchBrowser" time="79.578"/>
  <system-out/>
  <testcase classname="com.runner.InvocationCount" name="launchBrowser" time="28.910"/>
  <system-out/>
</testsuite> <!-- com.runner.InvocationCount -->
