<?xml version="1.0" encoding="UTF-8"?>
<!-- Generated by org.testng.reporters.JUnitReportReporter -->
<testsuite hostname="DESKTOP-O72JEOS" failures="0" tests="5" name="com.runner.DataProviderTest" time="364.962" errors="0" timestamp="2024-10-18T00:02:49 IST" skipped="0">
  <testcase classname="com.runner.DataProviderTest" name="login" time="74.240"/>
  <system-out/>
  <testcase classname="com.runner.DataProviderTest" name="login" time="43.222"/>
  <system-out/>
  <testcase classname="com.runner.DataProviderTest" name="login" time="56.596"/>
  <system-out/>
  <testcase classname="com.runner.DataProviderTest" name="login" time="73.268"/>
  <system-out/>
  <testcase classname="com.runner.DataProviderTest" name="login" time="117.636"/>
  <system-out/>
</testsuite> <!-- com.runner.DataProviderTest -->
