<?xml version="1.0" encoding="UTF-8"?>
<!-- Generated by org.testng.reporters.JUnitReportReporter -->
<testsuite hostname="DESKTOP-O72JEOS" failures="0" tests="1" name="com.runner.ExcepctedExceptions" time="56.057" errors="0" timestamp="2024-10-18T00:38:48 IST" skipped="0">
  <testcase classname="com.runner.ExcepctedExceptions" name="exception" time="56.057"/>
  <system-out/>
</testsuite> <!-- com.runner.ExcepctedExceptions -->
