<?xml version="1.0" encoding="UTF-8"?>
<!-- Generated by org.testng.reporters.JUnitReportReporter -->
<testsuite hostname="DESKTOP-O72JEOS" failures="0" tests="7" name="com.runner.SwagLab1" time="107.296" errors="0" timestamp="2024-10-17T22:29:39 IST" skipped="0">
  <testcase classname="com.runner.SwagLab1" name="browserLaunch" time="78.314"/>
  <system-out/>
  <testcase classname="com.runner.SwagLab1" name="checkOut" time="9.634"/>
  <system-out/>
  <testcase classname="com.runner.SwagLab1" name="productSearch" time="3.591"/>
  <system-out/>
  <testcase classname="com.runner.SwagLab1" name="loginPage" time="10.801"/>
  <system-out/>
  <testcase classname="com.runner.SwagLab1" name="addToCart" time="0.613"/>
  <system-out/>
  <testcase classname="com.runner.SwagLab1" name="urlLaunch" time="3.186"/>
  <system-out/>
  <testcase classname="com.runner.SwagLab1" name="logout" time="1.157"/>
  <system-out/>
</testsuite> <!-- com.runner.SwagLab1 -->
