<?xml version="1.0" encoding="UTF-8"?>
<!-- Generated by org.testng.reporters.JUnitReportReporter -->
<testsuite hostname="DESKTOP-O72JEOS" failures="0" tests="2" name="com.runner.CrossBroswerTesting" time="97.294" errors="0" timestamp="2024-10-17T22:09:03 IST" skipped="0">
  <testcase classname="com.runner.CrossBroswerTesting" name="edge" time="69.230"/>
  <system-out/>
  <testcase classname="com.runner.CrossBroswerTesting" name="chrome" time="28.064"/>
  <system-out/>
</testsuite> <!-- com.runner.CrossBroswerTesting -->
