<?xml version="1.0" encoding="UTF-8"?>
<!-- Generated by org.testng.reporters.JUnitReportReporter -->
<testsuite hostname="DESKTOP-O72JEOS" failures="0" tests="1" name="com.runner.RunnerClass" time="92.425" errors="0" timestamp="2024-10-17T21:43:54 IST" skipped="0">
  <testcase classname="com.runner.RunnerClass" name="setup" time="92.425"/>
  <system-out/>
</testsuite> <!-- com.runner.RunnerClass -->
